Release 14.7 - xst P.20131013 (nt64)
Copyright (c) 1995-2013 Xilinx, Inc.  All rights reserved.
--> Parameter TMPDIR set to xst/projnav.tmp


Total REAL time to Xst completion: 0.00 secs
Total CPU time to Xst completion: 0.22 secs
 
--> Parameter xsthdpdir set to xst


Total REAL time to Xst completion: 0.00 secs
Total CPU time to Xst completion: 0.22 secs
 
--> Reading design: aes_256_encrypt.prj

TABLE OF CONTENTS
  1) Synthesis Options Summary
  2) HDL Parsing
  3) HDL Elaboration
  4) HDL Synthesis
       4.1) HDL Synthesis Report
  5) Advanced HDL Synthesis
       5.1) Advanced HDL Synthesis Report
  6) Low Level Synthesis
  7) Partition Report
  8) Design Summary
       8.1) Primitive and Black Box Usage
       8.2) Device utilization summary
       8.3) Partition Resource Summary
       8.4) Timing Report
            8.4.1) Clock Information
            8.4.2) Asynchronous Control Signals Information
            8.4.3) Timing Summary
            8.4.4) Timing Details
            8.4.5) Cross Clock Domains Report


=========================================================================
*                      Synthesis Options Summary                        *
=========================================================================
---- Source Parameters
Input File Name                    : "aes_256_encrypt.prj"
Ignore Synthesis Constraint File   : NO

---- Target Parameters
Output File Name                   : "aes_256_encrypt"
Output Format                      : NGC
Target Device                      : xc6slx75-3-csg484

---- Source Options
Top Module Name                    : aes_256_encrypt
Automatic FSM Extraction           : YES
FSM Encoding Algorithm             : Auto
Safe Implementation                : No
FSM Style                          : LUT
RAM Extraction                     : Yes
RAM Style                          : Auto
ROM Extraction                     : Yes
Shift Register Extraction          : YES
ROM Style                          : Auto
Resource Sharing                   : YES
Asynchronous To Synchronous        : NO
Shift Register Minimum Size        : 2
Use DSP Block                      : Auto
Automatic Register Balancing       : No

---- Target Options
LUT Combining                      : Auto
Reduce Control Sets                : Auto
Add IO Buffers                     : YES
Global Maximum Fanout              : 100000
Add Generic Clock Buffer(BUFG)     : 16
Register Duplication               : YES
Optimize Instantiated Primitives   : NO
Use Clock Enable                   : Auto
Use Synchronous Set                : Auto
Use Synchronous Reset              : Auto
Pack IO Registers into IOBs        : Auto
Equivalent register Removal        : YES

---- General Options
Optimization Goal                  : Speed
Optimization Effort                : 1
Power Reduction                    : NO
Keep Hierarchy                     : No
Netlist Hierarchy                  : As_Optimized
RTL Output                         : Yes
Global Optimization                : AllClockNets
Read Cores                         : YES
Write Timing Constraints           : NO
Cross Clock Analysis               : NO
Hierarchy Separator                : /
Bus Delimiter                      : <>
Case Specifier                     : Maintain
Slice Utilization Ratio            : 100
BRAM Utilization Ratio             : 100
DSP48 Utilization Ratio            : 100
Auto BRAM Packing                  : NO
Slice Utilization Ratio Delta      : 5

=========================================================================


=========================================================================
*                          HDL Parsing                                  *
=========================================================================
Parsing VHDL file "C:\Users\Anizetho\Documents\ISE\AES_256_Faking\aes_256_package.vhd" into library work
Parsing package <aes_256_package>.
Parsing VHDL file "C:\Users\Anizetho\Documents\ISE\AES_256_Faking\mix_column_aux.vhd" into library work
Parsing entity <mix_column_aux>.
Parsing architecture <behavioral> of entity <mix_column_aux>.
Parsing VHDL file "C:\Users\Anizetho\Documents\ISE\AES_256_Faking\key_scheduler_256.vhd" into library work
Parsing entity <key_scheduler_256>.
Parsing architecture <behavioral> of entity <key_scheduler_256>.
Parsing VHDL file "C:\Users\Anizetho\Documents\ISE\AES_256_Faking\top_key_scheduler_256.vhd" into library work
Parsing entity <top_key_scheduler_256>.
Parsing architecture <behavioral> of entity <top_key_scheduler_256>.
Parsing VHDL file "C:\Users\Anizetho\Documents\ISE\AES_256_Faking\sub_byte.vhd" into library work
Parsing entity <sub_byte>.
Parsing architecture <behavioral> of entity <sub_byte>.
Parsing VHDL file "C:\Users\Anizetho\Documents\ISE\AES_256_Faking\shift_rows.vhd" into library work
Parsing entity <shift_rows>.
Parsing architecture <behavioral> of entity <shift_rows>.
Parsing VHDL file "C:\Users\Anizetho\Documents\ISE\AES_256_Faking\mix_column.vhd" into library work
Parsing entity <mix_column>.
Parsing architecture <behavioral> of entity <mix_column>.
Parsing VHDL file "C:\Users\Anizetho\Documents\ISE\AES_256_Faking\add_round_key.vhd" into library work
Parsing entity <add_round_key>.
Parsing architecture <behavioral> of entity <add_round_key>.
Parsing VHDL file "C:\Users\Anizetho\Documents\ISE\AES_256_Faking\aes_256_encrypt.vhd" into library work
Parsing entity <aes_256_encrypt>.
Parsing architecture <Behavioral> of entity <aes_256_encrypt>.

=========================================================================
*                            HDL Elaboration                            *
=========================================================================

Elaborating entity <aes_256_encrypt> (architecture <Behavioral>) from library <work>.

Elaborating entity <add_round_key> (architecture <behavioral>) from library <work>.

Elaborating entity <sub_byte> (architecture <behavioral>) from library <work>.

Elaborating entity <shift_rows> (architecture <behavioral>) from library <work>.

Elaborating entity <mix_column> (architecture <behavioral>) from library <work>.

Elaborating entity <mix_column_aux> (architecture <behavioral>) from library <work>.

Elaborating entity <top_key_scheduler_256> (architecture <behavioral>) from library <work>.

Elaborating entity <key_scheduler_256> (architecture <behavioral>) from library <work>.
INFO:HDLCompiler:679 - "C:\Users\Anizetho\Documents\ISE\AES_256_Faking\top_key_scheduler_256.vhd" Line 76. Case statement is complete. others clause is never selected
INFO:HDLCompiler:679 - "C:\Users\Anizetho\Documents\ISE\AES_256_Faking\aes_256_encrypt.vhd" Line 242. Case statement is complete. others clause is never selected

=========================================================================
*                           HDL Synthesis                               *
=========================================================================

Synthesizing Unit <aes_256_encrypt>.
    Related source file is "C:\Users\Anizetho\Documents\ISE\AES_256_Faking\aes_256_encrypt.vhd".
    Found 128-bit register for signal <ciphertext>.
    Found 4-bit register for signal <count_round>.
    Found 2-bit register for signal <count_op>.
    Found 1-bit register for signal <done>.
    Found 4-bit register for signal <en_block>.
    Found 2-bit register for signal <sel_ark_in>.
    Found 2-bit register for signal <cstate>.
    Found finite state machine <FSM_0> for signal <cstate>.
    -----------------------------------------------------------------------
    | States             | 4                                              |
    | Transitions        | 9                                              |
    | Inputs             | 4                                              |
    | Outputs            | 3                                              |
    | Clock              | clk (rising_edge)                              |
    | Reset              | rst (positive)                                 |
    | Reset type         | synchronous                                    |
    | Reset State        | idle                                           |
    | Power Up State     | idle                                           |
    | Encoding           | auto                                           |
    | Implementation     | LUT                                            |
    -----------------------------------------------------------------------
    Found 4-bit adder for signal <count_round[3]_GND_6_o_add_12_OUT> created at line 220.
    Found 2-bit adder for signal <count_op[1]_GND_6_o_add_20_OUT> created at line 228.
    Found 256-bit 8-to-1 multiplexer for signal <n0069> created at line 166.
    Found 128-bit 4-to-1 multiplexer for signal <ark_in> created at line 169.
    Summary:
	inferred   2 Adder/Subtractor(s).
	inferred 141 D-type flip-flop(s).
	inferred  14 Multiplexer(s).
	inferred   1 Finite State Machine(s).
Unit <aes_256_encrypt> synthesized.

Synthesizing Unit <add_round_key>.
    Related source file is "C:\Users\Anizetho\Documents\ISE\AES_256_Faking\add_round_key.vhd".
    Found 128-bit register for signal <result>.
    Summary:
	inferred 128 D-type flip-flop(s).
	inferred   1 Multiplexer(s).
Unit <add_round_key> synthesized.

Synthesizing Unit <sub_byte>.
    Related source file is "C:\Users\Anizetho\Documents\ISE\AES_256_Faking\sub_byte.vhd".
    Found 128-bit register for signal <result>.
    Found 256x8-bit Read Only RAM for signal <state[127]_GND_8_o_wide_mux_0_OUT>
    Found 256x8-bit Read Only RAM for signal <state[119]_GND_8_o_wide_mux_1_OUT>
    Found 256x8-bit Read Only RAM for signal <state[111]_GND_8_o_wide_mux_2_OUT>
    Found 256x8-bit Read Only RAM for signal <state[103]_GND_8_o_wide_mux_3_OUT>
    Found 256x8-bit Read Only RAM for signal <state[95]_GND_8_o_wide_mux_4_OUT>
    Found 256x8-bit Read Only RAM for signal <state[87]_GND_8_o_wide_mux_5_OUT>
    Found 256x8-bit Read Only RAM for signal <state[79]_GND_8_o_wide_mux_6_OUT>
    Found 256x8-bit Read Only RAM for signal <state[71]_GND_8_o_wide_mux_7_OUT>
    Found 256x8-bit Read Only RAM for signal <state[63]_GND_8_o_wide_mux_8_OUT>
    Found 256x8-bit Read Only RAM for signal <state[55]_GND_8_o_wide_mux_9_OUT>
    Found 256x8-bit Read Only RAM for signal <state[47]_GND_8_o_wide_mux_10_OUT>
    Found 256x8-bit Read Only RAM for signal <state[39]_GND_8_o_wide_mux_11_OUT>
    Found 256x8-bit Read Only RAM for signal <state[31]_GND_8_o_wide_mux_12_OUT>
    Found 256x8-bit Read Only RAM for signal <state[23]_GND_8_o_wide_mux_13_OUT>
    Found 256x8-bit Read Only RAM for signal <state[15]_GND_8_o_wide_mux_14_OUT>
    Found 256x8-bit Read Only RAM for signal <state[7]_GND_8_o_wide_mux_15_OUT>
    Summary:
	inferred  16 RAM(s).
	inferred 128 D-type flip-flop(s).
	inferred   1 Multiplexer(s).
Unit <sub_byte> synthesized.

Synthesizing Unit <shift_rows>.
    Related source file is "C:\Users\Anizetho\Documents\ISE\AES_256_Faking\shift_rows.vhd".
    Found 128-bit register for signal <result>.
    Summary:
	inferred 128 D-type flip-flop(s).
Unit <shift_rows> synthesized.

Synthesizing Unit <mix_column>.
    Related source file is "C:\Users\Anizetho\Documents\ISE\AES_256_Faking\mix_column.vhd".
    Summary:
	no macro.
Unit <mix_column> synthesized.

Synthesizing Unit <mix_column_aux>.
    Related source file is "C:\Users\Anizetho\Documents\ISE\AES_256_Faking\mix_column_aux.vhd".
    Found 32-bit register for signal <result>.
    Found 256x16-bit Read Only RAM for signal <_n0313>
    Found 256x16-bit Read Only RAM for signal <_n0570>
    Found 256x16-bit Read Only RAM for signal <_n0827>
    Found 256x16-bit Read Only RAM for signal <_n1084>
    Summary:
	inferred   4 RAM(s).
	inferred  32 D-type flip-flop(s).
Unit <mix_column_aux> synthesized.

Synthesizing Unit <top_key_scheduler_256>.
    Related source file is "C:\Users\Anizetho\Documents\ISE\AES_256_Faking\top_key_scheduler_256.vhd".
    Found 1-bit register for signal <cr_state>.
    Found 1-bit register for signal <done>.
    Found 256-bit register for signal <round_key_in>.
    Found 256-bit register for signal <keyExpanded<0>>.
    Found 256-bit register for signal <keyExpanded<1>>.
    Found 256-bit register for signal <keyExpanded<2>>.
    Found 256-bit register for signal <keyExpanded<3>>.
    Found 256-bit register for signal <keyExpanded<4>>.
    Found 256-bit register for signal <keyExpanded<5>>.
    Found 256-bit register for signal <keyExpanded<6>>.
    Found 256-bit register for signal <keyExpanded<7>>.
    Found 3-bit register for signal <counter>.
    Found 3-bit adder for signal <counter[2]_GND_12_o_add_16_OUT> created at line 74.
    Found 3-bit comparator greater for signal <counter[2]_PWR_12_o_LessThan_16_o> created at line 72
    Summary:
	inferred   1 Adder/Subtractor(s).
	inferred 2309 D-type flip-flop(s).
	inferred   1 Comparator(s).
	inferred   2 Multiplexer(s).
Unit <top_key_scheduler_256> synthesized.

Synthesizing Unit <key_scheduler_256>.
    Related source file is "C:\Users\Anizetho\Documents\ISE\AES_256_Faking\key_scheduler_256.vhd".
    Found 256x8-bit Read Only RAM for signal <w7[23]_GND_13_o_wide_mux_8_OUT>
    Found 256x8-bit Read Only RAM for signal <w7[15]_GND_13_o_wide_mux_12_OUT>
    Found 256x8-bit Read Only RAM for signal <w7[7]_GND_13_o_wide_mux_14_OUT>
    Found 256x8-bit Read Only RAM for signal <w7[31]_GND_13_o_wide_mux_16_OUT>
    Found 256x8-bit Read Only RAM for signal <tmp[159]_GND_13_o_wide_mux_21_OUT>
    Found 256x8-bit Read Only RAM for signal <tmp[151]_GND_13_o_wide_mux_23_OUT>
    Found 256x8-bit Read Only RAM for signal <tmp[143]_GND_13_o_wide_mux_25_OUT>
    Found 256x8-bit Read Only RAM for signal <tmp[135]_GND_13_o_wide_mux_27_OUT>
    Summary:
	inferred   8 RAM(s).
Unit <key_scheduler_256> synthesized.

=========================================================================
HDL Synthesis Report

Macro Statistics
# RAMs                                                 : 40
 256x16-bit single-port Read Only RAM                  : 16
 256x8-bit single-port Read Only RAM                   : 24
# Adders/Subtractors                                   : 3
 2-bit adder                                           : 1
 3-bit adder                                           : 1
 4-bit adder                                           : 1
# Registers                                            : 25
 1-bit register                                        : 3
 128-bit register                                      : 4
 2-bit register                                        : 2
 256-bit register                                      : 9
 3-bit register                                        : 1
 32-bit register                                       : 4
 4-bit register                                        : 2
# Comparators                                          : 1
 3-bit comparator greater                              : 1
# Multiplexers                                         : 18
 1-bit 2-to-1 multiplexer                              : 1
 128-bit 2-to-1 multiplexer                            : 3
 128-bit 4-to-1 multiplexer                            : 1
 2-bit 2-to-1 multiplexer                              : 6
 256-bit 8-to-1 multiplexer                            : 1
 3-bit 2-to-1 multiplexer                              : 1
 4-bit 2-to-1 multiplexer                              : 5
# FSMs                                                 : 1
# Xors                                                 : 33
 128-bit xor2                                          : 1
 256-bit xor2                                          : 1
 32-bit xor2                                           : 6
 8-bit xor2                                            : 9
 8-bit xor4                                            : 16

=========================================================================

=========================================================================
*                       Advanced HDL Synthesis                          *
=========================================================================


Synthesizing (advanced) Unit <aes_256_encrypt>.
The following registers are absorbed into counter <count_round>: 1 register on signal <count_round>.
INFO:Xst:3226 - The RAM <sub_byte_instance/Mram_state[15]_GND_8_o_wide_mux_14_OUT> will be implemented as a BLOCK RAM, absorbing the following register(s): <add_round_key_instance/result>
    -----------------------------------------------------------------------
    | ram_type           | Block                               |          |
    -----------------------------------------------------------------------
    | Port A                                                              |
    |     aspect ratio   | 256-word x 8-bit                    |          |
    |     mode           | write-first                         |          |
    |     clkA           | connected to signal <clk>           | rise     |
    |     weA            | connected to signal <GND>           | high     |
    |     addrA          | connected to signal <add_round_key_instance/GND_7_o_state[127]_mux_1_OUT<15:8>> |          |
    |     diA            | connected to signal <GND>           |          |
    |     doA            | connected to internal node          |          |
    -----------------------------------------------------------------------
    | optimization       | speed                               |          |
    -----------------------------------------------------------------------
INFO:Xst:3226 - The RAM <sub_byte_instance/Mram_state[7]_GND_8_o_wide_mux_15_OUT> will be implemented as a BLOCK RAM, absorbing the following register(s): <add_round_key_instance/result>
    -----------------------------------------------------------------------
    | ram_type           | Block                               |          |
    -----------------------------------------------------------------------
    | Port A                                                              |
    |     aspect ratio   | 256-word x 8-bit                    |          |
    |     mode           | write-first                         |          |
    |     clkA           | connected to signal <clk>           | rise     |
    |     weA            | connected to signal <GND>           | high     |
    |     addrA          | connected to signal <add_round_key_instance/GND_7_o_state[127]_mux_1_OUT<7:0>> |          |
    |     diA            | connected to signal <GND>           |          |
    |     doA            | connected to internal node          |          |
    -----------------------------------------------------------------------
    | optimization       | speed                               |          |
    -----------------------------------------------------------------------
INFO:Xst:3226 - The RAM <sub_byte_instance/Mram_state[23]_GND_8_o_wide_mux_13_OUT> will be implemented as a BLOCK RAM, absorbing the following register(s): <add_round_key_instance/result>
    -----------------------------------------------------------------------
    | ram_type           | Block                               |          |
    -----------------------------------------------------------------------
    | Port A                                                              |
    |     aspect ratio   | 256-word x 8-bit                    |          |
    |     mode           | write-first                         |          |
    |     clkA           | connected to signal <clk>           | rise     |
    |     weA            | connected to signal <GND>           | high     |
    |     addrA          | connected to signal <add_round_key_instance/GND_7_o_state[127]_mux_1_OUT<23:16>> |          |
    |     diA            | connected to signal <GND>           |          |
    |     doA            | connected to internal node          |          |
    -----------------------------------------------------------------------
    | optimization       | speed                               |          |
    -----------------------------------------------------------------------
INFO:Xst:3226 - The RAM <sub_byte_instance/Mram_state[39]_GND_8_o_wide_mux_11_OUT> will be implemented as a BLOCK RAM, absorbing the following register(s): <add_round_key_instance/result>
    -----------------------------------------------------------------------
    | ram_type           | Block                               |          |
    -----------------------------------------------------------------------
    | Port A                                                              |
    |     aspect ratio   | 256-word x 8-bit                    |          |
    |     mode           | write-first                         |          |
    |     clkA           | connected to signal <clk>           | rise     |
    |     weA            | connected to signal <GND>           | high     |
    |     addrA          | connected to signal <add_round_key_instance/GND_7_o_state[127]_mux_1_OUT<39:32>> |          |
    |     diA            | connected to signal <GND>           |          |
    |     doA            | connected to internal node          |          |
    -----------------------------------------------------------------------
    | optimization       | speed                               |          |
    -----------------------------------------------------------------------
INFO:Xst:3226 - The RAM <sub_byte_instance/Mram_state[31]_GND_8_o_wide_mux_12_OUT> will be implemented as a BLOCK RAM, absorbing the following register(s): <add_round_key_instance/result>
    -----------------------------------------------------------------------
    | ram_type           | Block                               |          |
    -----------------------------------------------------------------------
    | Port A                                                              |
    |     aspect ratio   | 256-word x 8-bit                    |          |
    |     mode           | write-first                         |          |
    |     clkA           | connected to signal <clk>           | rise     |
    |     weA            | connected to signal <GND>           | high     |
    |     addrA          | connected to signal <add_round_key_instance/GND_7_o_state[127]_mux_1_OUT<31:24>> |          |
    |     diA            | connected to signal <GND>           |          |
    |     doA            | connected to internal node          |          |
    -----------------------------------------------------------------------
    | optimization       | speed                               |          |
    -----------------------------------------------------------------------
INFO:Xst:3226 - The RAM <sub_byte_instance/Mram_state[47]_GND_8_o_wide_mux_10_OUT> will be implemented as a BLOCK RAM, absorbing the following register(s): <add_round_key_instance/result>
    -----------------------------------------------------------------------
    | ram_type           | Block                               |          |
    -----------------------------------------------------------------------
    | Port A                                                              |
    |     aspect ratio   | 256-word x 8-bit                    |          |
    |     mode           | write-first                         |          |
    |     clkA           | connected to signal <clk>           | rise     |
    |     weA            | connected to signal <GND>           | high     |
    |     addrA          | connected to signal <add_round_key_instance/GND_7_o_state[127]_mux_1_OUT<47:40>> |          |
    |     diA            | connected to signal <GND>           |          |
    |     doA            | connected to internal node          |          |
    -----------------------------------------------------------------------
    | optimization       | speed                               |          |
    -----------------------------------------------------------------------
INFO:Xst:3226 - The RAM <sub_byte_instance/Mram_state[55]_GND_8_o_wide_mux_9_OUT> will be implemented as a BLOCK RAM, absorbing the following register(s): <add_round_key_instance/result>
    -----------------------------------------------------------------------
    | ram_type           | Block                               |          |
    -----------------------------------------------------------------------
    | Port A                                                              |
    |     aspect ratio   | 256-word x 8-bit                    |          |
    |     mode           | write-first                         |          |
    |     clkA           | connected to signal <clk>           | rise     |
    |     weA            | connected to signal <GND>           | high     |
    |     addrA          | connected to signal <add_round_key_instance/GND_7_o_state[127]_mux_1_OUT<55:48>> |          |
    |     diA            | connected to signal <GND>           |          |
    |     doA            | connected to internal node          |          |
    -----------------------------------------------------------------------
    | optimization       | speed                               |          |
    -----------------------------------------------------------------------
INFO:Xst:3226 - The RAM <sub_byte_instance/Mram_state[63]_GND_8_o_wide_mux_8_OUT> will be implemented as a BLOCK RAM, absorbing the following register(s): <add_round_key_instance/result>
    -----------------------------------------------------------------------
    | ram_type           | Block                               |          |
    -----------------------------------------------------------------------
    | Port A                                                              |
    |     aspect ratio   | 256-word x 8-bit                    |          |
    |     mode           | write-first                         |          |
    |     clkA           | connected to signal <clk>           | rise     |
    |     weA            | connected to signal <GND>           | high     |
    |     addrA          | connected to signal <add_round_key_instance/GND_7_o_state[127]_mux_1_OUT<63:56>> |          |
    |     diA            | connected to signal <GND>           |          |
    |     doA            | connected to internal node          |          |
    -----------------------------------------------------------------------
    | optimization       | speed                               |          |
    -----------------------------------------------------------------------
INFO:Xst:3226 - The RAM <sub_byte_instance/Mram_state[79]_GND_8_o_wide_mux_6_OUT> will be implemented as a BLOCK RAM, absorbing the following register(s): <add_round_key_instance/result>
    -----------------------------------------------------------------------
    | ram_type           | Block                               |          |
    -----------------------------------------------------------------------
    | Port A                                                              |
    |     aspect ratio   | 256-word x 8-bit                    |          |
    |     mode           | write-first                         |          |
    |     clkA           | connected to signal <clk>           | rise     |
    |     weA            | connected to signal <GND>           | high     |
    |     addrA          | connected to signal <add_round_key_instance/GND_7_o_state[127]_mux_1_OUT<79:72>> |          |
    |     diA            | connected to signal <GND>           |          |
    |     doA            | connected to internal node          |          |
    -----------------------------------------------------------------------
    | optimization       | speed                               |          |
    -----------------------------------------------------------------------
INFO:Xst:3226 - The RAM <sub_byte_instance/Mram_state[71]_GND_8_o_wide_mux_7_OUT> will be implemented as a BLOCK RAM, absorbing the following register(s): <add_round_key_instance/result>
    -----------------------------------------------------------------------
    | ram_type           | Block                               |          |
    -----------------------------------------------------------------------
    | Port A                                                              |
    |     aspect ratio   | 256-word x 8-bit                    |          |
    |     mode           | write-first                         |          |
    |     clkA           | connected to signal <clk>           | rise     |
    |     weA            | connected to signal <GND>           | high     |
    |     addrA          | connected to signal <add_round_key_instance/GND_7_o_state[127]_mux_1_OUT<71:64>> |          |
    |     diA            | connected to signal <GND>           |          |
    |     doA            | connected to internal node          |          |
    -----------------------------------------------------------------------
    | optimization       | speed                               |          |
    -----------------------------------------------------------------------
INFO:Xst:3226 - The RAM <sub_byte_instance/Mram_state[87]_GND_8_o_wide_mux_5_OUT> will be implemented as a BLOCK RAM, absorbing the following register(s): <add_round_key_instance/result>
    -----------------------------------------------------------------------
    | ram_type           | Block                               |          |
    -----------------------------------------------------------------------
    | Port A                                                              |
    |     aspect ratio   | 256-word x 8-bit                    |          |
    |     mode           | write-first                         |          |
    |     clkA           | connected to signal <clk>           | rise     |
    |     weA            | connected to signal <GND>           | high     |
    |     addrA          | connected to signal <add_round_key_instance/GND_7_o_state[127]_mux_1_OUT<87:80>> |          |
    |     diA            | connected to signal <GND>           |          |
    |     doA            | connected to internal node          |          |
    -----------------------------------------------------------------------
    | optimization       | speed                               |          |
    -----------------------------------------------------------------------
INFO:Xst:3226 - The RAM <sub_byte_instance/Mram_state[103]_GND_8_o_wide_mux_3_OUT> will be implemented as a BLOCK RAM, absorbing the following register(s): <add_round_key_instance/result>
    -----------------------------------------------------------------------
    | ram_type           | Block                               |          |
    -----------------------------------------------------------------------
    | Port A                                                              |
    |     aspect ratio   | 256-word x 8-bit                    |          |
    |     mode           | write-first                         |          |
    |     clkA           | connected to signal <clk>           | rise     |
    |     weA            | connected to signal <GND>           | high     |
    |     addrA          | connected to signal <add_round_key_instance/GND_7_o_state[127]_mux_1_OUT<103:96>> |          |
    |     diA            | connected to signal <GND>           |          |
    |     doA            | connected to internal node          |          |
    -----------------------------------------------------------------------
    | optimization       | speed                               |          |
    -----------------------------------------------------------------------
INFO:Xst:3226 - The RAM <sub_byte_instance/Mram_state[95]_GND_8_o_wide_mux_4_OUT> will be implemented as a BLOCK RAM, absorbing the following register(s): <add_round_key_instance/result>
    -----------------------------------------------------------------------
    | ram_type           | Block                               |          |
    -----------------------------------------------------------------------
    | Port A                                                              |
    |     aspect ratio   | 256-word x 8-bit                    |          |
    |     mode           | write-first                         |          |
    |     clkA           | connected to signal <clk>           | rise     |
    |     weA            | connected to signal <GND>           | high     |
    |     addrA          | connected to signal <add_round_key_instance/GND_7_o_state[127]_mux_1_OUT<95:88>> |          |
    |     diA            | connected to signal <GND>           |          |
    |     doA            | connected to internal node          |          |
    -----------------------------------------------------------------------
    | optimization       | speed                               |          |
    -----------------------------------------------------------------------
INFO:Xst:3226 - The RAM <sub_byte_instance/Mram_state[111]_GND_8_o_wide_mux_2_OUT> will be implemented as a BLOCK RAM, absorbing the following register(s): <add_round_key_instance/result>
    -----------------------------------------------------------------------
    | ram_type           | Block                               |          |
    -----------------------------------------------------------------------
    | Port A                                                              |
    |     aspect ratio   | 256-word x 8-bit                    |          |
    |     mode           | write-first                         |          |
    |     clkA           | connected to signal <clk>           | rise     |
    |     weA            | connected to signal <GND>           | high     |
    |     addrA          | connected to signal <add_round_key_instance/GND_7_o_state[127]_mux_1_OUT<111:104>> |          |
    |     diA            | connected to signal <GND>           |          |
    |     doA            | connected to internal node          |          |
    -----------------------------------------------------------------------
    | optimization       | speed                               |          |
    -----------------------------------------------------------------------
INFO:Xst:3226 - The RAM <sub_byte_instance/Mram_state[127]_GND_8_o_wide_mux_0_OUT> will be implemented as a BLOCK RAM, absorbing the following register(s): <add_round_key_instance/result>
    -----------------------------------------------------------------------
    | ram_type           | Block                               |          |
    -----------------------------------------------------------------------
    | Port A                                                              |
    |     aspect ratio   | 256-word x 8-bit                    |          |
    |     mode           | write-first                         |          |
    |     clkA           | connected to signal <clk>           | rise     |
    |     weA            | connected to signal <GND>           | high     |
    |     addrA          | connected to signal <add_round_key_instance/GND_7_o_state[127]_mux_1_OUT<127:120>> |          |
    |     diA            | connected to signal <GND>           |          |
    |     doA            | connected to internal node          |          |
    -----------------------------------------------------------------------
    | optimization       | speed                               |          |
    -----------------------------------------------------------------------
INFO:Xst:3226 - The RAM <sub_byte_instance/Mram_state[119]_GND_8_o_wide_mux_1_OUT> will be implemented as a BLOCK RAM, absorbing the following register(s): <add_round_key_instance/result>
    -----------------------------------------------------------------------
    | ram_type           | Block                               |          |
    -----------------------------------------------------------------------
    | Port A                                                              |
    |     aspect ratio   | 256-word x 8-bit                    |          |
    |     mode           | write-first                         |          |
    |     clkA           | connected to signal <clk>           | rise     |
    |     weA            | connected to signal <GND>           | high     |
    |     addrA          | connected to signal <add_round_key_instance/GND_7_o_state[127]_mux_1_OUT<119:112>> |          |
    |     diA            | connected to signal <GND>           |          |
    |     doA            | connected to internal node          |          |
    -----------------------------------------------------------------------
    | optimization       | speed                               |          |
    -----------------------------------------------------------------------
Unit <aes_256_encrypt> synthesized (advanced).

Synthesizing (advanced) Unit <key_scheduler_256>.
INFO:Xst:3218 - HDL ADVISOR - The RAM <Mram_w7[23]_GND_13_o_wide_mux_8_OUT> will be implemented on LUTs either because you have described an asynchronous read or because of currently unsupported block RAM features. If you have described an asynchronous read, making it synchronous would allow you to take advantage of available block RAM resources, for optimized device usage and improved timings. Please refer to your documentation for coding guidelines.
    -----------------------------------------------------------------------
    | ram_type           | Distributed                         |          |
    -----------------------------------------------------------------------
    | Port A                                                              |
    |     aspect ratio   | 256-word x 8-bit                    |          |
    |     weA            | connected to signal <GND>           | high     |
    |     addrA          | connected to signal <key_256<23:16>> |          |
    |     diA            | connected to signal <GND>           |          |
    |     doA            | connected to internal node          |          |
    -----------------------------------------------------------------------
INFO:Xst:3218 - HDL ADVISOR - The RAM <Mram_w7[15]_GND_13_o_wide_mux_12_OUT> will be implemented on LUTs either because you have described an asynchronous read or because of currently unsupported block RAM features. If you have described an asynchronous read, making it synchronous would allow you to take advantage of available block RAM resources, for optimized device usage and improved timings. Please refer to your documentation for coding guidelines.
    -----------------------------------------------------------------------
    | ram_type           | Distributed                         |          |
    -----------------------------------------------------------------------
    | Port A                                                              |
    |     aspect ratio   | 256-word x 8-bit                    |          |
    |     weA            | connected to signal <GND>           | high     |
    |     addrA          | connected to signal <key_256<15:8>> |          |
    |     diA            | connected to signal <GND>           |          |
    |     doA            | connected to internal node          |          |
    -----------------------------------------------------------------------
INFO:Xst:3218 - HDL ADVISOR - The RAM <Mram_w7[7]_GND_13_o_wide_mux_14_OUT> will be implemented on LUTs either because you have described an asynchronous read or because of currently unsupported block RAM features. If you have described an asynchronous read, making it synchronous would allow you to take advantage of available block RAM resources, for optimized device usage and improved timings. Please refer to your documentation for coding guidelines.
    -----------------------------------------------------------------------
    | ram_type           | Distributed                         |          |
    -----------------------------------------------------------------------
    | Port A                                                              |
    |     aspect ratio   | 256-word x 8-bit                    |          |
    |     weA            | connected to signal <GND>           | high     |
    |     addrA          | connected to signal <key_256<7:0>>  |          |
    |     diA            | connected to signal <GND>           |          |
    |     doA            | connected to internal node          |          |
    -----------------------------------------------------------------------
INFO:Xst:3218 - HDL ADVISOR - The RAM <Mram_w7[31]_GND_13_o_wide_mux_16_OUT> will be implemented on LUTs either because you have described an asynchronous read or because of currently unsupported block RAM features. If you have described an asynchronous read, making it synchronous would allow you to take advantage of available block RAM resources, for optimized device usage and improved timings. Please refer to your documentation for coding guidelines.
    -----------------------------------------------------------------------
    | ram_type           | Distributed                         |          |
    -----------------------------------------------------------------------
    | Port A                                                              |
    |     aspect ratio   | 256-word x 8-bit                    |          |
    |     weA            | connected to signal <GND>           | high     |
    |     addrA          | connected to signal <key_256<31:24>> |          |
    |     diA            | connected to signal <GND>           |          |
    |     doA            | connected to internal node          |          |
    -----------------------------------------------------------------------
INFO:Xst:3218 - HDL ADVISOR - The RAM <Mram_tmp[159]_GND_13_o_wide_mux_21_OUT> will be implemented on LUTs either because you have described an asynchronous read or because of currently unsupported block RAM features. If you have described an asynchronous read, making it synchronous would allow you to take advantage of available block RAM resources, for optimized device usage and improved timings. Please refer to your documentation for coding guidelines.
    -----------------------------------------------------------------------
    | ram_type           | Distributed                         |          |
    -----------------------------------------------------------------------
    | Port A                                                              |
    |     aspect ratio   | 256-word x 8-bit                    |          |
    |     weA            | connected to signal <GND>           | high     |
    |     addrA          | connected to signal <tmp<159:152>>  |          |
    |     diA            | connected to signal <GND>           |          |
    |     doA            | connected to internal node          |          |
    -----------------------------------------------------------------------
INFO:Xst:3218 - HDL ADVISOR - The RAM <Mram_tmp[151]_GND_13_o_wide_mux_23_OUT> will be implemented on LUTs either because you have described an asynchronous read or because of currently unsupported block RAM features. If you have described an asynchronous read, making it synchronous would allow you to take advantage of available block RAM resources, for optimized device usage and improved timings. Please refer to your documentation for coding guidelines.
    -----------------------------------------------------------------------
    | ram_type           | Distributed                         |          |
    -----------------------------------------------------------------------
    | Port A                                                              |
    |     aspect ratio   | 256-word x 8-bit                    |          |
    |     weA            | connected to signal <GND>           | high     |
    |     addrA          | connected to signal <tmp<151:144>>  |          |
    |     diA            | connected to signal <GND>           |          |
    |     doA            | connected to internal node          |          |
    -----------------------------------------------------------------------
INFO:Xst:3218 - HDL ADVISOR - The RAM <Mram_tmp[143]_GND_13_o_wide_mux_25_OUT> will be implemented on LUTs either because you have described an asynchronous read or because of currently unsupported block RAM features. If you have described an asynchronous read, making it synchronous would allow you to take advantage of available block RAM resources, for optimized device usage and improved timings. Please refer to your documentation for coding guidelines.
    -----------------------------------------------------------------------
    | ram_type           | Distributed                         |          |
    -----------------------------------------------------------------------
    | Port A                                                              |
    |     aspect ratio   | 256-word x 8-bit                    |          |
    |     weA            | connected to signal <GND>           | high     |
    |     addrA          | connected to signal <tmp<143:136>>  |          |
    |     diA            | connected to signal <GND>           |          |
    |     doA            | connected to internal node          |          |
    -----------------------------------------------------------------------
INFO:Xst:3218 - HDL ADVISOR - The RAM <Mram_tmp[135]_GND_13_o_wide_mux_27_OUT> will be implemented on LUTs either because you have described an asynchronous read or because of currently unsupported block RAM features. If you have described an asynchronous read, making it synchronous would allow you to take advantage of available block RAM resources, for optimized device usage and improved timings. Please refer to your documentation for coding guidelines.
    -----------------------------------------------------------------------
    | ram_type           | Distributed                         |          |
    -----------------------------------------------------------------------
    | Port A                                                              |
    |     aspect ratio   | 256-word x 8-bit                    |          |
    |     weA            | connected to signal <GND>           | high     |
    |     addrA          | connected to signal <tmp<135:128>>  |          |
    |     diA            | connected to signal <GND>           |          |
    |     doA            | connected to internal node          |          |
    -----------------------------------------------------------------------
Unit <key_scheduler_256> synthesized (advanced).

Synthesizing (advanced) Unit <mix_column_aux>.
INFO:Xst:3218 - HDL ADVISOR - The RAM <Mram__n0313> will be implemented on LUTs either because you have described an asynchronous read or because of currently unsupported block RAM features. If you have described an asynchronous read, making it synchronous would allow you to take advantage of available block RAM resources, for optimized device usage and improved timings. Please refer to your documentation for coding guidelines.
    -----------------------------------------------------------------------
    | ram_type           | Distributed                         |          |
    -----------------------------------------------------------------------
    | Port A                                                              |
    |     aspect ratio   | 256-word x 16-bit                   |          |
    |     weA            | connected to signal <GND>           | high     |
    |     addrA          | connected to signal <column<31:24>> |          |
    |     diA            | connected to signal <GND>           |          |
    |     doA            | connected to internal node          |          |
    -----------------------------------------------------------------------
INFO:Xst:3218 - HDL ADVISOR - The RAM <Mram__n0570> will be implemented on LUTs either because you have described an asynchronous read or because of currently unsupported block RAM features. If you have described an asynchronous read, making it synchronous would allow you to take advantage of available block RAM resources, for optimized device usage and improved timings. Please refer to your documentation for coding guidelines.
    -----------------------------------------------------------------------
    | ram_type           | Distributed                         |          |
    -----------------------------------------------------------------------
    | Port A                                                              |
    |     aspect ratio   | 256-word x 16-bit                   |          |
    |     weA            | connected to signal <GND>           | high     |
    |     addrA          | connected to signal <column<23:16>> |          |
    |     diA            | connected to signal <GND>           |          |
    |     doA            | connected to internal node          |          |
    -----------------------------------------------------------------------
INFO:Xst:3218 - HDL ADVISOR - The RAM <Mram__n0827> will be implemented on LUTs either because you have described an asynchronous read or because of currently unsupported block RAM features. If you have described an asynchronous read, making it synchronous would allow you to take advantage of available block RAM resources, for optimized device usage and improved timings. Please refer to your documentation for coding guidelines.
    -----------------------------------------------------------------------
    | ram_type           | Distributed                         |          |
    -----------------------------------------------------------------------
    | Port A                                                              |
    |     aspect ratio   | 256-word x 16-bit                   |          |
    |     weA            | connected to signal <GND>           | high     |
    |     addrA          | connected to signal <column<15:8>>  |          |
    |     diA            | connected to signal <GND>           |          |
    |     doA            | connected to internal node          |          |
    -----------------------------------------------------------------------
INFO:Xst:3218 - HDL ADVISOR - The RAM <Mram__n1084> will be implemented on LUTs either because you have described an asynchronous read or because of currently unsupported block RAM features. If you have described an asynchronous read, making it synchronous would allow you to take advantage of available block RAM resources, for optimized device usage and improved timings. Please refer to your documentation for coding guidelines.
    -----------------------------------------------------------------------
    | ram_type           | Distributed                         |          |
    -----------------------------------------------------------------------
    | Port A                                                              |
    |     aspect ratio   | 256-word x 16-bit                   |          |
    |     weA            | connected to signal <GND>           | high     |
    |     addrA          | connected to signal <column<7:0>>   |          |
    |     diA            | connected to signal <GND>           |          |
    |     doA            | connected to internal node          |          |
    -----------------------------------------------------------------------
Unit <mix_column_aux> synthesized (advanced).

=========================================================================
Advanced HDL Synthesis Report

Macro Statistics
# RAMs                                                 : 40
 256x16-bit single-port distributed Read Only RAM      : 16
 256x8-bit single-port block Read Only RAM             : 16
 256x8-bit single-port distributed Read Only RAM       : 8
# Adders/Subtractors                                   : 2
 2-bit adder                                           : 1
 3-bit adder                                           : 1
# Counters                                             : 1
 4-bit up counter                                      : 1
# Registers                                            : 2958
 Flip-Flops                                            : 2958
# Comparators                                          : 1
 3-bit comparator greater                              : 1
# Multiplexers                                         : 144
 1-bit 2-to-1 multiplexer                              : 1
 1-bit 4-to-1 multiplexer                              : 128
 128-bit 2-to-1 multiplexer                            : 3
 2-bit 2-to-1 multiplexer                              : 6
 256-bit 8-to-1 multiplexer                            : 1
 3-bit 2-to-1 multiplexer                              : 1
 4-bit 2-to-1 multiplexer                              : 4
# FSMs                                                 : 1
# Xors                                                 : 33
 128-bit xor2                                          : 1
 256-bit xor2                                          : 1
 32-bit xor2                                           : 6
 8-bit xor2                                            : 9
 8-bit xor4                                            : 16

=========================================================================

=========================================================================
*                         Low Level Synthesis                           *
=========================================================================
INFO:Xst:2697 - Unit <MTP_> : the RAMs <sub_byte_instance/Mram_state[15]_GND_8_o_wide_mux_14_OUT>, <sub_byte_instance/Mram_state[7]_GND_8_o_wide_mux_15_OUT> are packed into the single block RAM <sub_byte_instance/Mram_state[15]_GND_8_o_wide_mux_14_OUT1>
INFO:Xst:2697 - Unit <MTP_> : the RAMs <sub_byte_instance/Mram_state[23]_GND_8_o_wide_mux_13_OUT>, <sub_byte_instance/Mram_state[39]_GND_8_o_wide_mux_11_OUT> are packed into the single block RAM <sub_byte_instance/Mram_state[23]_GND_8_o_wide_mux_13_OUT1>
INFO:Xst:2697 - Unit <MTP_> : the RAMs <sub_byte_instance/Mram_state[31]_GND_8_o_wide_mux_12_OUT>, <sub_byte_instance/Mram_state[47]_GND_8_o_wide_mux_10_OUT> are packed into the single block RAM <sub_byte_instance/Mram_state[31]_GND_8_o_wide_mux_12_OUT1>
INFO:Xst:2697 - Unit <MTP_> : the RAMs <sub_byte_instance/Mram_state[55]_GND_8_o_wide_mux_9_OUT>, <sub_byte_instance/Mram_state[63]_GND_8_o_wide_mux_8_OUT> are packed into the single block RAM <sub_byte_instance/Mram_state[55]_GND_8_o_wide_mux_9_OUT1>
INFO:Xst:2697 - Unit <MTP_> : the RAMs <sub_byte_instance/Mram_state[79]_GND_8_o_wide_mux_6_OUT>, <sub_byte_instance/Mram_state[71]_GND_8_o_wide_mux_7_OUT> are packed into the single block RAM <sub_byte_instance/Mram_state[79]_GND_8_o_wide_mux_6_OUT1>
INFO:Xst:2697 - Unit <MTP_> : the RAMs <sub_byte_instance/Mram_state[87]_GND_8_o_wide_mux_5_OUT>, <sub_byte_instance/Mram_state[103]_GND_8_o_wide_mux_3_OUT> are packed into the single block RAM <sub_byte_instance/Mram_state[87]_GND_8_o_wide_mux_5_OUT1>
INFO:Xst:2697 - Unit <MTP_> : the RAMs <sub_byte_instance/Mram_state[95]_GND_8_o_wide_mux_4_OUT>, <sub_byte_instance/Mram_state[111]_GND_8_o_wide_mux_2_OUT> are packed into the single block RAM <sub_byte_instance/Mram_state[95]_GND_8_o_wide_mux_4_OUT1>
INFO:Xst:2697 - Unit <MTP_> : the RAMs <sub_byte_instance/Mram_state[127]_GND_8_o_wide_mux_0_OUT>, <sub_byte_instance/Mram_state[119]_GND_8_o_wide_mux_1_OUT> are packed into the single block RAM <sub_byte_instance/Mram_state[127]_GND_8_o_wide_mux_0_OUT1>
Analyzing FSM <MFsm> for best encoding.
Optimizing FSM <FSM_0> on signal <cstate[1:2]> with gray encoding.
----------------------
 State    | Encoding
----------------------
 idle     | 00
 store_rk | 01
 mrounds  | 11
 lround   | 10
----------------------

Optimizing unit <aes_256_encrypt> ...

Optimizing unit <top_key_scheduler_256> ...

Optimizing unit <key_scheduler_256> ...

Optimizing unit <mix_column_aux> ...

Mapping all equations...
Building and optimizing final netlist ...
Found area constraint ratio of 100 (+ 5) on block aes_256_encrypt, actual ratio is 11.

Final Macro Processing ...

=========================================================================
Final Register Report

Macro Statistics
# Registers                                            : 2964
 Flip-Flops                                            : 2964

=========================================================================

=========================================================================
*                           Partition Report                            *
=========================================================================

Partition Implementation Status
-------------------------------

  No Partitions were found in this design.

-------------------------------

=========================================================================
*                            Design Summary                             *
=========================================================================

Top Level Output File Name         : aes_256_encrypt.ngc

Primitive and Black Box Usage:
------------------------------
# BELS                             : 2994
#      GND                         : 1
#      LUT2                        : 370
#      LUT3                        : 180
#      LUT4                        : 306
#      LUT5                        : 496
#      LUT6                        : 1192
#      MUXF7                       : 384
#      MUXF8                       : 64
#      VCC                         : 1
# FlipFlops/Latches                : 2964
#      FDR                         : 261
#      FDRE                        : 2701
#      FDSE                        : 2
# RAMS                             : 8
#      RAMB8BWER                   : 8
# Clock Buffers                    : 1
#      BUFGP                       : 1
# IO Buffers                       : 771
#      IBUF                        : 642
#      OBUF                        : 129

Device utilization summary:
---------------------------

Selected Device : 6slx75csg484-3 


Slice Logic Utilization: 
 Number of Slice Registers:            2964  out of  93296     3%  
 Number of Slice LUTs:                 2544  out of  46648     5%  
    Number used as Logic:              2544  out of  46648     5%  

Slice Logic Distribution: 
 Number of LUT Flip Flop pairs used:   4025
   Number with an unused Flip Flop:    1061  out of   4025    26%  
   Number with an unused LUT:          1481  out of   4025    36%  
   Number of fully used LUT-FF pairs:  1483  out of   4025    36%  
   Number of unique control sets:        18

IO Utilization: 
 Number of IOs:                         772
 Number of bonded IOBs:                 772  out of    328   235% (*) 

Specific Feature Utilization:
 Number of Block RAM/FIFO:                4  out of    172     2%  
    Number using Block RAM only:          4
 Number of BUFG/BUFGCTRLs:                1  out of     16     6%  

WARNING:Xst:1336 -  (*) More than 100% of Device resources are used

---------------------------
Partition Resource Summary:
---------------------------

  No Partitions were found in this design.

---------------------------


=========================================================================
Timing Report

NOTE: THESE TIMING NUMBERS ARE ONLY A SYNTHESIS ESTIMATE.
      FOR ACCURATE TIMING INFORMATION PLEASE REFER TO THE TRACE REPORT
      GENERATED AFTER PLACE-and-ROUTE.

Clock Information:
------------------
-----------------------------------+------------------------+-------+
Clock Signal                       | Clock buffer(FF name)  | Load  |
-----------------------------------+------------------------+-------+
clk                                | BUFGP                  | 2972  |
-----------------------------------+------------------------+-------+

Asynchronous Control Signals Information:
----------------------------------------
No asynchronous control signals found in this design

Timing Summary:
---------------
Speed Grade: -3

   Minimum period: 7.114ns (Maximum Frequency: 140.561MHz)
   Minimum input arrival time before clock: 6.762ns
   Maximum output required time after clock: 3.634ns
   Maximum combinational path delay: No path found

Timing Details:
---------------
All values displayed in nanoseconds (ns)

=========================================================================
Timing constraint: Default period analysis for Clock 'clk'
  Clock period: 7.114ns (frequency: 140.561MHz)
  Total number of paths / destination ports: 1044798 / 7587
-------------------------------------------------------------------------
Delay:               7.114ns (Levels of Logic = 8)
  Source:            top_key_scheduler_256_instance/round_key_in_11 (FF)
  Destination:       top_key_scheduler_256_instance/keyExpanded_7_119 (FF)
  Source Clock:      clk rising
  Destination Clock: clk rising

  Data Path: top_key_scheduler_256_instance/round_key_in_11 to top_key_scheduler_256_instance/keyExpanded_7_119
                                Gate     Net
    Cell:in->out      fanout   Delay   Delay  Logical Name (Net Name)
    ----------------------------------------  ------------
     FDRE:C->Q            35   0.447   1.699  top_key_scheduler_256_instance/round_key_in_11 (top_key_scheduler_256_instance/round_key_in_11)
     LUT6:I0->O            1   0.203   0.000  top_key_scheduler_256_instance/key_scheduler_256_instance_Mram_w7[15]_GND_13_o_wide_mux_12_OUT8 (top_key_scheduler_256_instance/key_scheduler_256_instance_Mram_w7[15]_GND_13_o_wide_mux_12_OUT8)
     MUXF7:I1->O           1   0.140   0.000  top_key_scheduler_256_instance/key_scheduler_256_instance_Mram_w7[15]_GND_13_o_wide_mux_12_OUT8_f7 (top_key_scheduler_256_instance/key_scheduler_256_instance_Mram_w7[15]_GND_13_o_wide_mux_12_OUT8_f7)
     MUXF8:I1->O           7   0.152   0.774  top_key_scheduler_256_instance/key_scheduler_256_instance_Mram_w7[15]_GND_13_o_wide_mux_12_OUT8_f8 (top_key_scheduler_256_instance/key_scheduler_256_instance/w7[15]_GND_13_o_wide_mux_12_OUT<4>)
     LUT5:I4->O           41   0.205   1.784  top_key_scheduler_256_instance/key_scheduler_256_instance/tmp<148>1 (top_key_scheduler_256_instance/round_key_out<148>)
     LUT6:I0->O            1   0.203   0.000  top_key_scheduler_256_instance/key_scheduler_256_instance_Mram_tmp[151]_GND_13_o_wide_mux_23_OUT6 (top_key_scheduler_256_instance/key_scheduler_256_instance_Mram_tmp[151]_GND_13_o_wide_mux_23_OUT6)
     MUXF7:I1->O           1   0.140   0.000  top_key_scheduler_256_instance/key_scheduler_256_instance_Mram_tmp[151]_GND_13_o_wide_mux_23_OUT6_f7 (top_key_scheduler_256_instance/key_scheduler_256_instance_Mram_tmp[151]_GND_13_o_wide_mux_23_OUT6_f7)
     MUXF8:I1->O          12   0.152   0.909  top_key_scheduler_256_instance/key_scheduler_256_instance_Mram_tmp[151]_GND_13_o_wide_mux_23_OUT6_f8 (top_key_scheduler_256_instance/key_scheduler_256_instance/tmp[151]_GND_13_o_wide_mux_23_OUT<3>)
     LUT2:I1->O            7   0.205   0.000  top_key_scheduler_256_instance/key_scheduler_256_instance/tmp<115>1 (top_key_scheduler_256_instance/round_key_out<115>)
     FDRE:D                    0.102          top_key_scheduler_256_instance/keyExpanded_1_115
    ----------------------------------------
    Total                      7.114ns (1.949ns logic, 5.165ns route)
                                       (27.4% logic, 72.6% route)

=========================================================================
Timing constraint: Default OFFSET IN BEFORE for Clock 'clk'
  Total number of paths / destination ports: 8473 / 5785
-------------------------------------------------------------------------
Offset:              6.762ns (Levels of Logic = 2)
  Source:            rst (PAD)
  Destination:       top_key_scheduler_256_instance/keyExpanded_7_255 (FF)
  Destination Clock: clk rising

  Data Path: rst to top_key_scheduler_256_instance/keyExpanded_7_255
                                Gate     Net
    Cell:in->out      fanout   Delay   Delay  Logical Name (Net Name)
    ----------------------------------------  ------------
     IBUF:I->O          1301   1.222   2.508  rst_IBUF (rst_IBUF)
     LUT3:I0->O         1792   0.205   2.397  top_key_scheduler_256_instance/Reset_OR_DriverANDClockEnable153611 (top_key_scheduler_256_instance/Reset_OR_DriverANDClockEnable1536)
     FDRE:R                    0.430          top_key_scheduler_256_instance/keyExpanded_7_1
    ----------------------------------------
    Total                      6.762ns (1.857ns logic, 4.905ns route)
                                       (27.5% logic, 72.5% route)

=========================================================================
Timing constraint: Default OFFSET OUT AFTER for Clock 'clk'
  Total number of paths / destination ports: 129 / 129
-------------------------------------------------------------------------
Offset:              3.634ns (Levels of Logic = 1)
  Source:            done (FF)
  Destination:       done (PAD)
  Source Clock:      clk rising

  Data Path: done to done
                                Gate     Net
    Cell:in->out      fanout   Delay   Delay  Logical Name (Net Name)
    ----------------------------------------  ------------
     FDR:C->Q              2   0.447   0.616  done (done_OBUF)
     OBUF:I->O                 2.571          done_OBUF (done)
    ----------------------------------------
    Total                      3.634ns (3.018ns logic, 0.616ns route)
                                       (83.0% logic, 17.0% route)

=========================================================================

Cross Clock Domains Report:
--------------------------

Clock to Setup on destination clock clk
---------------+---------+---------+---------+---------+
               | Src:Rise| Src:Fall| Src:Rise| Src:Fall|
Source Clock   |Dest:Rise|Dest:Rise|Dest:Fall|Dest:Fall|
---------------+---------+---------+---------+---------+
clk            |    7.114|         |         |         |
---------------+---------+---------+---------+---------+

=========================================================================


Total REAL time to Xst completion: 19.00 secs
Total CPU time to Xst completion: 18.91 secs
 
--> 

Total memory usage is 4545388 kilobytes

Number of errors   :    0 (   0 filtered)
Number of warnings :    1 (   0 filtered)
Number of infos    :   36 (   0 filtered)

